<?xml version="1.0" encoding="UTF-8"?>
<testng-results skipped="0" failed="1" ignored="0" total="3" passed="2">
  <reporter-output>
    <line>
      <![CDATA[Application is launched]]>
    </line>
    <line>
      <![CDATA[From Location London is entered]]>
    </line>
    <line>
      <![CDATA[To Location New York is entered]]>
    </line>
    <line>
      <![CDATA[Departure Date 3 May 2020 is selected]]>
    </line>
    <line>
      <![CDATA[return Date 5 May 2020 is selected]]>
    </line>
    <line>
      <![CDATA[from location and to location is same in search result page]]>
    </line>
    <line>
      <![CDATA[Non Stop Price : from US$1,070.41]]>
    </line>
    <line>
      <![CDATA[Maxium one Stop price : from US$1,018.99]]>
    </line>
    <line>
      <![CDATA[Maxium 2 Stop price : from US$1,018.99]]>
    </line>
    <line>
      <![CDATA[Application is launched]]>
    </line>
    <line>
      <![CDATA[From Location London is entered]]>
    </line>
    <line>
      <![CDATA[To Location New York is entered]]>
    </line>
    <line>
      <![CDATA[Departure Date 3 May 2020 is selected]]>
    </line>
    <line>
      <![CDATA[return Date 5 May 2020 is selected]]>
    </line>
    <line>
      <![CDATA[from location and to location is same in search result page]]>
    </line>
    <line>
      <![CDATA[Non Stop Price : from US$1,047.86]]>
    </line>
    <line>
      <![CDATA[Maxium one Stop price : from US$1,042.52]]>
    </line>
    <line>
      <![CDATA[Maxium 2 Stop price : from US$1,042.52]]>
    </line>
    <line>
      <![CDATA[Application is launched]]>
    </line>
    <line>
      <![CDATA[From Location London is entered]]>
    </line>
    <line>
      <![CDATA[To Location New York is entered]]>
    </line>
    <line>
      <![CDATA[Departure Date 3 May 2020 is selected]]>
    </line>
    <line>
      <![CDATA[return Date 5 May 2020 is selected]]>
    </line>
    <line>
      <![CDATA[from location and to location is same in search result page]]>
    </line>
  </reporter-output>
  <suite name="Default suite" duration-ms="283358" started-at="2020-05-01T21:21:21Z" finished-at="2020-05-01T21:26:04Z">
    <groups>
    </groups>
    <test name="Default test" duration-ms="283358" started-at="2020-05-01T21:21:21Z" finished-at="2020-05-01T21:26:04Z">
      <class name="testMethods.Test1">
        <test-method status="PASS" signature="book(java.lang.String, java.lang.String, java.lang.String, java.lang.String, int)[pri:0, instance:testMethods.Test1@28d25987]" name="book" duration-ms="103272" started-at="2020-05-01T21:21:21Z" data-provider="SearchProvider" finished-at="2020-05-01T21:23:04Z">
          <params>
            <param index="0">
              <value>
                <![CDATA[London]]>
              </value>
            </param>
            <param index="1">
              <value>
                <![CDATA[New York]]>
              </value>
            </param>
            <param index="2">
              <value>
                <![CDATA[3 May 2020]]>
              </value>
            </param>
            <param index="3">
              <value>
                <![CDATA[5 May 2020]]>
              </value>
            </param>
            <param index="4">
              <value>
                <![CDATA[2]]>
              </value>
            </param>
          </params>
          <reporter-output>
            <line>
              <![CDATA[Application is launched]]>
            </line>
            <line>
              <![CDATA[From Location London is entered]]>
            </line>
            <line>
              <![CDATA[To Location New York is entered]]>
            </line>
            <line>
              <![CDATA[Departure Date 3 May 2020 is selected]]>
            </line>
            <line>
              <![CDATA[return Date 5 May 2020 is selected]]>
            </line>
            <line>
              <![CDATA[from location and to location is same in search result page]]>
            </line>
            <line>
              <![CDATA[Non Stop Price : from US$1,070.41]]>
            </line>
            <line>
              <![CDATA[Maxium one Stop price : from US$1,018.99]]>
            </line>
            <line>
              <![CDATA[Maxium 2 Stop price : from US$1,018.99]]>
            </line>
          </reporter-output>
        </test-method> <!-- book -->
        <test-method status="PASS" signature="book(java.lang.String, java.lang.String, java.lang.String, java.lang.String, int)[pri:0, instance:testMethods.Test1@28d25987]" name="book" duration-ms="81516" started-at="2020-05-01T21:23:04Z" data-provider="SearchProvider" finished-at="2020-05-01T21:24:25Z">
          <params>
            <param index="0">
              <value>
                <![CDATA[London]]>
              </value>
            </param>
            <param index="1">
              <value>
                <![CDATA[New York]]>
              </value>
            </param>
            <param index="2">
              <value>
                <![CDATA[3 May 2020]]>
              </value>
            </param>
            <param index="3">
              <value>
                <![CDATA[5 May 2020]]>
              </value>
            </param>
            <param index="4">
              <value>
                <![CDATA[3]]>
              </value>
            </param>
          </params>
          <reporter-output>
            <line>
              <![CDATA[Application is launched]]>
            </line>
            <line>
              <![CDATA[From Location London is entered]]>
            </line>
            <line>
              <![CDATA[To Location New York is entered]]>
            </line>
            <line>
              <![CDATA[Departure Date 3 May 2020 is selected]]>
            </line>
            <line>
              <![CDATA[return Date 5 May 2020 is selected]]>
            </line>
            <line>
              <![CDATA[from location and to location is same in search result page]]>
            </line>
            <line>
              <![CDATA[Non Stop Price : from US$1,047.86]]>
            </line>
            <line>
              <![CDATA[Maxium one Stop price : from US$1,042.52]]>
            </line>
            <line>
              <![CDATA[Maxium 2 Stop price : from US$1,042.52]]>
            </line>
          </reporter-output>
        </test-method> <!-- book -->
        <test-method status="FAIL" signature="book(java.lang.String, java.lang.String, java.lang.String, java.lang.String, int)[pri:0, instance:testMethods.Test1@28d25987]" name="book" duration-ms="98425" started-at="2020-05-01T21:24:25Z" data-provider="SearchProvider" finished-at="2020-05-01T21:26:04Z">
          <params>
            <param index="0">
              <value>
                <![CDATA[London]]>
              </value>
            </param>
            <param index="1">
              <value>
                <![CDATA[New York]]>
              </value>
            </param>
            <param index="2">
              <value>
                <![CDATA[3 May 2020]]>
              </value>
            </param>
            <param index="3">
              <value>
                <![CDATA[5 May 2020]]>
              </value>
            </param>
            <param index="4">
              <value>
                <![CDATA[5]]>
              </value>
            </param>
          </params>
          <exception class="org.openqa.selenium.NoSuchElementException">
            <message>
              <![CDATA[no such element: Unable to locate element: {"method":"xpath","selector":"//div[@id='nonstop_flights']//div[@class='segmentPrice']"}
  (Session info: chrome=81.0.4044.122)
  (Driver info: chromedriver=2.41.578737 (49da6702b16031c40d63e5618de03a32ff6c197e),platform=Windows NT 10.0.10240 x86_64) (WARNING: The server did not provide any stacktrace information)
Command duration or timeout: 0 milliseconds
For documentation on this error, please visit: http://seleniumhq.org/exceptions/no_such_element.html
Build info: version: '3.14.0', revision: 'aacccce0', time: '2018-08-02T20:19:58.91Z'
System info: host: 'DESKTOP-0FSG9OD', ip: '172.16.0.5', os.name: 'Windows 10', os.arch: 'amd64', os.version: '10.0', java.version: '1.8.0_241'
Driver info: org.openqa.selenium.chrome.ChromeDriver
Capabilities {acceptInsecureCerts: false, acceptSslCerts: false, applicationCacheEnabled: false, browserConnectionEnabled: false, browserName: chrome, chrome: {chromedriverVersion: 2.41.578737 (49da6702b16031..., userDataDir: C:\Users\user\AppData\Local...}, cssSelectorsEnabled: true, databaseEnabled: false, goog:chromeOptions: {debuggerAddress: localhost:61910}, handlesAlerts: true, hasTouchScreen: false, javascriptEnabled: true, locationContextEnabled: true, mobileEmulationEnabled: false, nativeEvents: true, networkConnectionEnabled: false, pageLoadStrategy: normal, platform: XP, platformName: XP, rotatable: false, setWindowRect: true, takesHeapSnapshot: true, takesScreenshot: true, unexpectedAlertBehaviour: , unhandledPromptBehavior: , version: 81.0.4044.122, webStorageEnabled: true}
Session ID: 44d42a6a3f5f301da03f68f26e916266
*** Element info: {Using=xpath, value=//div[@id='nonstop_flights']//div[@class='segmentPrice']}]]>
            </message>
            <full-stacktrace>
              <![CDATA[org.openqa.selenium.NoSuchElementException: no such element: Unable to locate element: {"method":"xpath","selector":"//div[@id='nonstop_flights']//div[@class='segmentPrice']"}
  (Session info: chrome=81.0.4044.122)
  (Driver info: chromedriver=2.41.578737 (49da6702b16031c40d63e5618de03a32ff6c197e),platform=Windows NT 10.0.10240 x86_64) (WARNING: The server did not provide any stacktrace information)
Command duration or timeout: 0 milliseconds
For documentation on this error, please visit: http://seleniumhq.org/exceptions/no_such_element.html
Build info: version: '3.14.0', revision: 'aacccce0', time: '2018-08-02T20:19:58.91Z'
System info: host: 'DESKTOP-0FSG9OD', ip: '172.16.0.5', os.name: 'Windows 10', os.arch: 'amd64', os.version: '10.0', java.version: '1.8.0_241'
Driver info: org.openqa.selenium.chrome.ChromeDriver
Capabilities {acceptInsecureCerts: false, acceptSslCerts: false, applicationCacheEnabled: false, browserConnectionEnabled: false, browserName: chrome, chrome: {chromedriverVersion: 2.41.578737 (49da6702b16031..., userDataDir: C:\Users\user\AppData\Local...}, cssSelectorsEnabled: true, databaseEnabled: false, goog:chromeOptions: {debuggerAddress: localhost:61910}, handlesAlerts: true, hasTouchScreen: false, javascriptEnabled: true, locationContextEnabled: true, mobileEmulationEnabled: false, nativeEvents: true, networkConnectionEnabled: false, pageLoadStrategy: normal, platform: XP, platformName: XP, rotatable: false, setWindowRect: true, takesHeapSnapshot: true, takesScreenshot: true, unexpectedAlertBehaviour: , unhandledPromptBehavior: , version: 81.0.4044.122, webStorageEnabled: true}
Session ID: 44d42a6a3f5f301da03f68f26e916266
*** Element info: {Using=xpath, value=//div[@id='nonstop_flights']//div[@class='segmentPrice']}
at sun.reflect.NativeConstructorAccessorImpl.newInstance0(Native Method)
at sun.reflect.NativeConstructorAccessorImpl.newInstance(Unknown Source)
at sun.reflect.DelegatingConstructorAccessorImpl.newInstance(Unknown Source)
at java.lang.reflect.Constructor.newInstance(Unknown Source)
at org.openqa.selenium.remote.ErrorHandler.createThrowable(ErrorHandler.java:214)
at org.openqa.selenium.remote.ErrorHandler.throwIfResponseFailed(ErrorHandler.java:166)
at org.openqa.selenium.remote.http.JsonHttpResponseCodec.reconstructValue(JsonHttpResponseCodec.java:40)
at org.openqa.selenium.remote.http.AbstractHttpResponseCodec.decode(AbstractHttpResponseCodec.java:80)
at org.openqa.selenium.remote.http.AbstractHttpResponseCodec.decode(AbstractHttpResponseCodec.java:44)
at org.openqa.selenium.remote.HttpCommandExecutor.execute(HttpCommandExecutor.java:158)
at org.openqa.selenium.remote.service.DriverCommandExecutor.execute(DriverCommandExecutor.java:83)
at org.openqa.selenium.remote.RemoteWebDriver.execute(RemoteWebDriver.java:548)
at org.openqa.selenium.remote.RemoteWebDriver.findElement(RemoteWebDriver.java:322)
at org.openqa.selenium.remote.RemoteWebDriver.findElementByXPath(RemoteWebDriver.java:424)
at org.openqa.selenium.By$ByXPath.findElement(By.java:353)
at org.openqa.selenium.remote.RemoteWebDriver.findElement(RemoteWebDriver.java:314)
at pom.HomePage.getPrices(HomePage.java:144)
at testMethods.Test1.book(Test1.java:45)
at sun.reflect.NativeMethodAccessorImpl.invoke0(Native Method)
at sun.reflect.NativeMethodAccessorImpl.invoke(Unknown Source)
at sun.reflect.DelegatingMethodAccessorImpl.invoke(Unknown Source)
at java.lang.reflect.Method.invoke(Unknown Source)
at org.testng.internal.MethodInvocationHelper.invokeMethod(MethodInvocationHelper.java:124)
at org.testng.internal.Invoker.invokeMethod(Invoker.java:583)
at org.testng.internal.Invoker.invokeTestMethod(Invoker.java:719)
at org.testng.internal.Invoker.invokeTestMethods(Invoker.java:989)
at org.testng.internal.TestMethodWorker.invokeTestMethods(TestMethodWorker.java:125)
at org.testng.internal.TestMethodWorker.run(TestMethodWorker.java:109)
at org.testng.TestRunner.privateRun(TestRunner.java:648)
at org.testng.TestRunner.run(TestRunner.java:505)
at org.testng.SuiteRunner.runTest(SuiteRunner.java:455)
at org.testng.SuiteRunner.runSequentially(SuiteRunner.java:450)
at org.testng.SuiteRunner.privateRun(SuiteRunner.java:415)
at org.testng.SuiteRunner.run(SuiteRunner.java:364)
at org.testng.SuiteRunnerWorker.runSuite(SuiteRunnerWorker.java:52)
at org.testng.SuiteRunnerWorker.run(SuiteRunnerWorker.java:84)
at org.testng.TestNG.runSuitesSequentially(TestNG.java:1208)
at org.testng.TestNG.runSuitesLocally(TestNG.java:1137)
at org.testng.TestNG.runSuites(TestNG.java:1049)
at org.testng.TestNG.run(TestNG.java:1017)
at org.testng.remote.AbstractRemoteTestNG.run(AbstractRemoteTestNG.java:114)
at org.testng.remote.RemoteTestNG.initAndRun(RemoteTestNG.java:251)
at org.testng.remote.RemoteTestNG.main(RemoteTestNG.java:77)
]]>
            </full-stacktrace>
          </exception> <!-- org.openqa.selenium.NoSuchElementException -->
          <reporter-output>
            <line>
              <![CDATA[Application is launched]]>
            </line>
            <line>
              <![CDATA[From Location London is entered]]>
            </line>
            <line>
              <![CDATA[To Location New York is entered]]>
            </line>
            <line>
              <![CDATA[Departure Date 3 May 2020 is selected]]>
            </line>
            <line>
              <![CDATA[return Date 5 May 2020 is selected]]>
            </line>
            <line>
              <![CDATA[from location and to location is same in search result page]]>
            </line>
          </reporter-output>
        </test-method> <!-- book -->
      </class> <!-- testMethods.Test1 -->
    </test> <!-- Default test -->
  </suite> <!-- Default suite -->
</testng-results>
