<?xml version="1.0" encoding="UTF-8"?>
<testng-results skipped="0" failed="0" ignored="0" total="1" passed="1">
  <reporter-output>
  </reporter-output>
  <suite name="Default suite" duration-ms="17313" started-at="2020-03-19T15:06:57Z" finished-at="2020-03-19T15:07:15Z">
    <groups>
    </groups>
    <test name="Default test" duration-ms="17313" started-at="2020-03-19T15:06:57Z" finished-at="2020-03-19T15:07:15Z">
      <class name="testMethods.GoogleTest">
        <test-method status="PASS" signature="googleSearchTest()[pri:0, instance:testMethods.GoogleTest@d8355a8]" name="googleSearchTest" duration-ms="17224" started-at="2020-03-19T15:06:57Z" finished-at="2020-03-19T15:07:15Z">
          <reporter-output>
          </reporter-output>
        </test-method> <!-- googleSearchTest -->
      </class> <!-- testMethods.GoogleTest -->
    </test> <!-- Default test -->
  </suite> <!-- Default suite -->
</testng-results>
